<?xml version="1.0" encoding="UTF-8"?>
<!-- Generated by org.testng.reporters.JUnitReportReporter -->
<testsuite hostname="PH5CG9473KPC" failures="0" tests="1" name="SalesforceTest" time="7.904" errors="0" timestamp="20 Apr 2020 16:41:00 GMT" skipped="0">
  <testcase classname="SalesforceTest" name="goToSalesforceOrg" time="7.904"/>
</testsuite> <!-- SalesforceTest -->
