<?xml version="1.0" encoding="UTF-8"?>
<!-- Generated by org.testng.reporters.JUnitReportReporter -->
<testsuite hostname="PH5CG9473KPC" failures="0" tests="1" name="SalesforceTest" time="11.089" errors="0" timestamp="21 Apr 2020 03:15:30 GMT" skipped="0">
  <testcase classname="SalesforceTest" name="goToSalesforceOrg" time="11.089"/>
</testsuite> <!-- SalesforceTest -->
